2013/09/10 13:35:48 [error] [exception.CException] exception 'CException' with message 'SiteController and its behaviors do not have a method or closure named "debug".' in C:\xampp\htdocs\sevas.lo\framework\base\CComponent.php:266
Stack trace:
#0 C:\xampp\htdocs\sevas.lo\kriminal\controllers\SiteController.php(30): CComponent->__call('debug', Array)
#1 C:\xampp\htdocs\sevas.lo\kriminal\controllers\SiteController.php(30): Controller->debug()
#2 C:\xampp\htdocs\sevas.lo\framework\web\actions\CInlineAction.php(49): SiteController->actionIndex()
#3 C:\xampp\htdocs\sevas.lo\framework\web\CController.php(308): CInlineAction->runWithParams(Array)
#4 C:\xampp\htdocs\sevas.lo\framework\web\CController.php(286): CController->runAction(Object(CInlineAction))
#5 C:\xampp\htdocs\sevas.lo\framework\web\CController.php(265): CController->runActionWithFilters(Object(CInlineAction), Array)
#6 C:\xampp\htdocs\sevas.lo\framework\web\CWebApplication.php(282): CController->run('index')
#7 C:\xampp\htdocs\sevas.lo\framework\web\CWebApplication.php(141): CWebApplication->runController('site/index')
#8 C:\xampp\htdocs\sevas.lo\framework\base\CApplication.php(180): CWebApplication->processRequest()
#9 C:\xampp\htdocs\sevas.lo\kriminal\www\index.php(13): CApplication->run()
#10 {main}
REQUEST_URI=/index.php?r=site/index
HTTP_REFERER=http://kriminal.sevas.ua/index.php?r=site/page&view=about
---
2013/09/10 13:35:48 [error] [exception.CException] exception 'CException' with message 'SiteController and its behaviors do not have a method or closure named "debug".' in C:\xampp\htdocs\sevas.lo\framework\base\CComponent.php:266
Stack trace:
#0 C:\xampp\htdocs\sevas.lo\kriminal\controllers\SiteController.php(30): CComponent->__call('debug', Array)
#1 C:\xampp\htdocs\sevas.lo\kriminal\controllers\SiteController.php(30): Controller->debug()
#2 C:\xampp\htdocs\sevas.lo\framework\web\actions\CInlineAction.php(49): SiteController->actionIndex()
#3 C:\xampp\htdocs\sevas.lo\framework\web\CController.php(308): CInlineAction->runWithParams(Array)
#4 C:\xampp\htdocs\sevas.lo\framework\web\CController.php(286): CController->runAction(Object(CInlineAction))
#5 C:\xampp\htdocs\sevas.lo\framework\web\CController.php(265): CController->runActionWithFilters(Object(CInlineAction), Array)
#6 C:\xampp\htdocs\sevas.lo\framework\web\CWebApplication.php(282): CController->run('index')
#7 C:\xampp\htdocs\sevas.lo\framework\web\CWebApplication.php(141): CWebApplication->runController('site/index')
#8 C:\xampp\htdocs\sevas.lo\framework\base\CApplication.php(180): CWebApplication->processRequest()
#9 C:\xampp\htdocs\sevas.lo\kriminal\www\index.php(13): CApplication->run()
#10 {main}
REQUEST_URI=/index.php?r=site/index
HTTP_REFERER=http://kriminal.sevas.ua/index.php?r=site/page&view=about
---
2013/09/10 13:36:10 [error] [exception.CException] exception 'CException' with message 'SiteController and its behaviors do not have a method or closure named "debug".' in C:\xampp\htdocs\sevas.lo\framework\base\CComponent.php:266
Stack trace:
#0 C:\xampp\htdocs\sevas.lo\kriminal\controllers\SiteController.php(30): CComponent->__call('debug', Array)
#1 C:\xampp\htdocs\sevas.lo\kriminal\controllers\SiteController.php(30): Controller->debug()
#2 C:\xampp\htdocs\sevas.lo\framework\web\actions\CInlineAction.php(49): SiteController->actionIndex()
#3 C:\xampp\htdocs\sevas.lo\framework\web\CController.php(308): CInlineAction->runWithParams(Array)
#4 C:\xampp\htdocs\sevas.lo\framework\web\CController.php(286): CController->runAction(Object(CInlineAction))
#5 C:\xampp\htdocs\sevas.lo\framework\web\CController.php(265): CController->runActionWithFilters(Object(CInlineAction), Array)
#6 C:\xampp\htdocs\sevas.lo\framework\web\CWebApplication.php(282): CController->run('index')
#7 C:\xampp\htdocs\sevas.lo\framework\web\CWebApplication.php(141): CWebApplication->runController('site/index')
#8 C:\xampp\htdocs\sevas.lo\framework\base\CApplication.php(180): CWebApplication->processRequest()
#9 C:\xampp\htdocs\sevas.lo\kriminal\www\index.php(13): CApplication->run()
#10 {main}
REQUEST_URI=/index.php?r=site/index
HTTP_REFERER=http://kriminal.sevas.ua/index.php?r=site/page&view=about
---
2013/09/10 13:36:10 [error] [exception.CException] exception 'CException' with message 'SiteController and its behaviors do not have a method or closure named "debug".' in C:\xampp\htdocs\sevas.lo\framework\base\CComponent.php:266
Stack trace:
#0 C:\xampp\htdocs\sevas.lo\kriminal\controllers\SiteController.php(30): CComponent->__call('debug', Array)
#1 C:\xampp\htdocs\sevas.lo\kriminal\controllers\SiteController.php(30): Controller->debug()
#2 C:\xampp\htdocs\sevas.lo\framework\web\actions\CInlineAction.php(49): SiteController->actionIndex()
#3 C:\xampp\htdocs\sevas.lo\framework\web\CController.php(308): CInlineAction->runWithParams(Array)
#4 C:\xampp\htdocs\sevas.lo\framework\web\CController.php(286): CController->runAction(Object(CInlineAction))
#5 C:\xampp\htdocs\sevas.lo\framework\web\CController.php(265): CController->runActionWithFilters(Object(CInlineAction), Array)
#6 C:\xampp\htdocs\sevas.lo\framework\web\CWebApplication.php(282): CController->run('index')
#7 C:\xampp\htdocs\sevas.lo\framework\web\CWebApplication.php(141): CWebApplication->runController('site/index')
#8 C:\xampp\htdocs\sevas.lo\framework\base\CApplication.php(180): CWebApplication->processRequest()
#9 C:\xampp\htdocs\sevas.lo\kriminal\www\index.php(13): CApplication->run()
#10 {main}
REQUEST_URI=/index.php?r=site/index
HTTP_REFERER=http://kriminal.sevas.ua/index.php?r=site/page&view=about
---
2013/09/10 13:36:10 [error] [exception.CException] exception 'CException' with message 'SiteController and its behaviors do not have a method or closure named "debug".' in C:\xampp\htdocs\sevas.lo\framework\base\CComponent.php:266
Stack trace:
#0 C:\xampp\htdocs\sevas.lo\kriminal\controllers\SiteController.php(30): CComponent->__call('debug', Array)
#1 C:\xampp\htdocs\sevas.lo\kriminal\controllers\SiteController.php(30): Controller->debug()
#2 C:\xampp\htdocs\sevas.lo\framework\web\actions\CInlineAction.php(49): SiteController->actionIndex()
#3 C:\xampp\htdocs\sevas.lo\framework\web\CController.php(308): CInlineAction->runWithParams(Array)
#4 C:\xampp\htdocs\sevas.lo\framework\web\CController.php(286): CController->runAction(Object(CInlineAction))
#5 C:\xampp\htdocs\sevas.lo\framework\web\CController.php(265): CController->runActionWithFilters(Object(CInlineAction), Array)
#6 C:\xampp\htdocs\sevas.lo\framework\web\CWebApplication.php(282): CController->run('index')
#7 C:\xampp\htdocs\sevas.lo\framework\web\CWebApplication.php(141): CWebApplication->runController('site/index')
#8 C:\xampp\htdocs\sevas.lo\framework\base\CApplication.php(180): CWebApplication->processRequest()
#9 C:\xampp\htdocs\sevas.lo\kriminal\www\index.php(13): CApplication->run()
#10 {main}
REQUEST_URI=/index.php?r=site/index
HTTP_REFERER=http://kriminal.sevas.ua/index.php?r=site/page&view=about
---
2013/09/10 13:36:10 [error] [exception.CException] exception 'CException' with message 'SiteController and its behaviors do not have a method or closure named "debug".' in C:\xampp\htdocs\sevas.lo\framework\base\CComponent.php:266
Stack trace:
#0 C:\xampp\htdocs\sevas.lo\kriminal\controllers\SiteController.php(30): CComponent->__call('debug', Array)
#1 C:\xampp\htdocs\sevas.lo\kriminal\controllers\SiteController.php(30): Controller->debug()
#2 C:\xampp\htdocs\sevas.lo\framework\web\actions\CInlineAction.php(49): SiteController->actionIndex()
#3 C:\xampp\htdocs\sevas.lo\framework\web\CController.php(308): CInlineAction->runWithParams(Array)
#4 C:\xampp\htdocs\sevas.lo\framework\web\CController.php(286): CController->runAction(Object(CInlineAction))
#5 C:\xampp\htdocs\sevas.lo\framework\web\CController.php(265): CController->runActionWithFilters(Object(CInlineAction), Array)
#6 C:\xampp\htdocs\sevas.lo\framework\web\CWebApplication.php(282): CController->run('index')
#7 C:\xampp\htdocs\sevas.lo\framework\web\CWebApplication.php(141): CWebApplication->runController('site/index')
#8 C:\xampp\htdocs\sevas.lo\framework\base\CApplication.php(180): CWebApplication->processRequest()
#9 C:\xampp\htdocs\sevas.lo\kriminal\www\index.php(13): CApplication->run()
#10 {main}
REQUEST_URI=/index.php?r=site/index
HTTP_REFERER=http://kriminal.sevas.ua/index.php?r=site/page&view=about
---
2013/09/10 13:36:31 [error] [php] include(C:\xampp\htdocs\sevas.lo\kriminal\components\Controller.php): failed to open stream: No such file or directory (C:\xampp\htdocs\sevas.lo\framework\YiiBase.php:427)
Stack trace:
#0 C:\xampp\htdocs\sevas.lo\kriminal\controllers\SiteController.php(4): spl_autoload_call()
#1 C:\xampp\htdocs\sevas.lo\framework\web\CWebApplication.php(354): require()
#2 C:\xampp\htdocs\sevas.lo\framework\web\CWebApplication.php(276): CWebApplication->createController()
#3 C:\xampp\htdocs\sevas.lo\framework\web\CWebApplication.php(141): CWebApplication->runController()
#4 C:\xampp\htdocs\sevas.lo\framework\base\CApplication.php(180): CWebApplication->processRequest()
#5 C:\xampp\htdocs\sevas.lo\kriminal\www\index.php(13): CWebApplication->run()
REQUEST_URI=/index.php?r=site/index
in C:\xampp\htdocs\sevas.lo\kriminal\controllers\SiteController.php (4)
in C:\xampp\htdocs\sevas.lo\kriminal\www\index.php (13)
2013/09/10 13:36:31 [error] [php] include(C:\xampp\htdocs\sevas.lo\kriminal\components\Controller.php): failed to open stream: No such file or directory (C:\xampp\htdocs\sevas.lo\framework\YiiBase.php:427)
Stack trace:
#0 C:\xampp\htdocs\sevas.lo\kriminal\controllers\SiteController.php(4): spl_autoload_call()
#1 C:\xampp\htdocs\sevas.lo\framework\web\CWebApplication.php(354): require()
#2 C:\xampp\htdocs\sevas.lo\framework\web\CWebApplication.php(276): CWebApplication->createController()
#3 C:\xampp\htdocs\sevas.lo\framework\web\CWebApplication.php(141): CWebApplication->runController()
#4 C:\xampp\htdocs\sevas.lo\framework\base\CApplication.php(180): CWebApplication->processRequest()
#5 C:\xampp\htdocs\sevas.lo\kriminal\www\index.php(13): CWebApplication->run()
REQUEST_URI=/index.php?r=site/index
in C:\xampp\htdocs\sevas.lo\kriminal\controllers\SiteController.php (4)
in C:\xampp\htdocs\sevas.lo\kriminal\www\index.php (13)
2013/09/10 13:36:32 [error] [php] include(C:\xampp\htdocs\sevas.lo\kriminal\components\Controller.php): failed to open stream: No such file or directory (C:\xampp\htdocs\sevas.lo\framework\YiiBase.php:427)
Stack trace:
#0 C:\xampp\htdocs\sevas.lo\kriminal\controllers\SiteController.php(4): spl_autoload_call()
#1 C:\xampp\htdocs\sevas.lo\framework\web\CWebApplication.php(354): require()
#2 C:\xampp\htdocs\sevas.lo\framework\web\CWebApplication.php(276): CWebApplication->createController()
#3 C:\xampp\htdocs\sevas.lo\framework\web\CWebApplication.php(141): CWebApplication->runController()
#4 C:\xampp\htdocs\sevas.lo\framework\base\CApplication.php(180): CWebApplication->processRequest()
#5 C:\xampp\htdocs\sevas.lo\kriminal\www\index.php(13): CWebApplication->run()
REQUEST_URI=/index.php?r=site/index
in C:\xampp\htdocs\sevas.lo\kriminal\controllers\SiteController.php (4)
in C:\xampp\htdocs\sevas.lo\kriminal\www\index.php (13)
2013/09/10 13:36:32 [error] [php] include(C:\xampp\htdocs\sevas.lo\kriminal\components\Controller.php): failed to open stream: No such file or directory (C:\xampp\htdocs\sevas.lo\framework\YiiBase.php:427)
Stack trace:
#0 C:\xampp\htdocs\sevas.lo\kriminal\controllers\SiteController.php(4): spl_autoload_call()
#1 C:\xampp\htdocs\sevas.lo\framework\web\CWebApplication.php(354): require()
#2 C:\xampp\htdocs\sevas.lo\framework\web\CWebApplication.php(276): CWebApplication->createController()
#3 C:\xampp\htdocs\sevas.lo\framework\web\CWebApplication.php(141): CWebApplication->runController()
#4 C:\xampp\htdocs\sevas.lo\framework\base\CApplication.php(180): CWebApplication->processRequest()
#5 C:\xampp\htdocs\sevas.lo\kriminal\www\index.php(13): CWebApplication->run()
REQUEST_URI=/index.php?r=site/index
in C:\xampp\htdocs\sevas.lo\kriminal\controllers\SiteController.php (4)
in C:\xampp\htdocs\sevas.lo\kriminal\www\index.php (13)
2013/09/10 13:36:32 [error] [php] include(C:\xampp\htdocs\sevas.lo\kriminal\components\Controller.php): failed to open stream: No such file or directory (C:\xampp\htdocs\sevas.lo\framework\YiiBase.php:427)
Stack trace:
#0 C:\xampp\htdocs\sevas.lo\kriminal\controllers\SiteController.php(4): spl_autoload_call()
#1 C:\xampp\htdocs\sevas.lo\framework\web\CWebApplication.php(354): require()
#2 C:\xampp\htdocs\sevas.lo\framework\web\CWebApplication.php(276): CWebApplication->createController()
#3 C:\xampp\htdocs\sevas.lo\framework\web\CWebApplication.php(141): CWebApplication->runController()
#4 C:\xampp\htdocs\sevas.lo\framework\base\CApplication.php(180): CWebApplication->processRequest()
#5 C:\xampp\htdocs\sevas.lo\kriminal\www\index.php(13): CWebApplication->run()
REQUEST_URI=/index.php?r=site/index
in C:\xampp\htdocs\sevas.lo\kriminal\controllers\SiteController.php (4)
in C:\xampp\htdocs\sevas.lo\kriminal\www\index.php (13)
2013/09/10 13:36:32 [error] [php] include(C:\xampp\htdocs\sevas.lo\kriminal\components\Controller.php): failed to open stream: No such file or directory (C:\xampp\htdocs\sevas.lo\framework\YiiBase.php:427)
Stack trace:
#0 C:\xampp\htdocs\sevas.lo\kriminal\controllers\SiteController.php(4): spl_autoload_call()
#1 C:\xampp\htdocs\sevas.lo\framework\web\CWebApplication.php(354): require()
#2 C:\xampp\htdocs\sevas.lo\framework\web\CWebApplication.php(276): CWebApplication->createController()
#3 C:\xampp\htdocs\sevas.lo\framework\web\CWebApplication.php(141): CWebApplication->runController()
#4 C:\xampp\htdocs\sevas.lo\framework\base\CApplication.php(180): CWebApplication->processRequest()
#5 C:\xampp\htdocs\sevas.lo\kriminal\www\index.php(13): CWebApplication->run()
REQUEST_URI=/index.php?r=site/index
in C:\xampp\htdocs\sevas.lo\kriminal\controllers\SiteController.php (4)
in C:\xampp\htdocs\sevas.lo\kriminal\www\index.php (13)
2013/09/10 13:40:27 [error] [exception.CException] exception 'CException' with message 'Property "CWebApplication.aliasPath" is not defined.' in C:\xampp\htdocs\sevas.lo\framework\base\CComponent.php:130
Stack trace:
#0 C:\xampp\htdocs\sevas.lo\framework\base\CModule.php(105): CComponent->__get('aliasPath')
#1 C:\xampp\htdocs\sevas.lo\kriminal\controllers\SiteController.php(30): CModule->__get('aliasPath')
#2 C:\xampp\htdocs\sevas.lo\framework\web\actions\CInlineAction.php(49): SiteController->actionIndex()
#3 C:\xampp\htdocs\sevas.lo\framework\web\CController.php(308): CInlineAction->runWithParams(Array)
#4 C:\xampp\htdocs\sevas.lo\framework\web\CController.php(286): CController->runAction(Object(CInlineAction))
#5 C:\xampp\htdocs\sevas.lo\framework\web\CController.php(265): CController->runActionWithFilters(Object(CInlineAction), Array)
#6 C:\xampp\htdocs\sevas.lo\framework\web\CWebApplication.php(282): CController->run('index')
#7 C:\xampp\htdocs\sevas.lo\framework\web\CWebApplication.php(141): CWebApplication->runController('site/index')
#8 C:\xampp\htdocs\sevas.lo\framework\base\CApplication.php(180): CWebApplication->processRequest()
#9 C:\xampp\htdocs\sevas.lo\kriminal\www\index.php(13): CApplication->run()
#10 {main}
REQUEST_URI=/index.php?r=site/index
HTTP_REFERER=http://kriminal.sevas.ua/index.php?r=site/page&view=about
---
2013/09/10 13:40:27 [error] [exception.CException] exception 'CException' with message 'Property "CWebApplication.aliasPath" is not defined.' in C:\xampp\htdocs\sevas.lo\framework\base\CComponent.php:130
Stack trace:
#0 C:\xampp\htdocs\sevas.lo\framework\base\CModule.php(105): CComponent->__get('aliasPath')
#1 C:\xampp\htdocs\sevas.lo\kriminal\controllers\SiteController.php(30): CModule->__get('aliasPath')
#2 C:\xampp\htdocs\sevas.lo\framework\web\actions\CInlineAction.php(49): SiteController->actionIndex()
#3 C:\xampp\htdocs\sevas.lo\framework\web\CController.php(308): CInlineAction->runWithParams(Array)
#4 C:\xampp\htdocs\sevas.lo\framework\web\CController.php(286): CController->runAction(Object(CInlineAction))
#5 C:\xampp\htdocs\sevas.lo\framework\web\CController.php(265): CController->runActionWithFilters(Object(CInlineAction), Array)
#6 C:\xampp\htdocs\sevas.lo\framework\web\CWebApplication.php(282): CController->run('index')
#7 C:\xampp\htdocs\sevas.lo\framework\web\CWebApplication.php(141): CWebApplication->runController('site/index')
#8 C:\xampp\htdocs\sevas.lo\framework\base\CApplication.php(180): CWebApplication->processRequest()
#9 C:\xampp\htdocs\sevas.lo\kriminal\www\index.php(13): CApplication->run()
#10 {main}
REQUEST_URI=/index.php?r=site/index
HTTP_REFERER=http://kriminal.sevas.ua/index.php?r=site/page&view=about
---
2013/09/10 13:40:34 [error] [exception.CException] exception 'CException' with message 'Property "CWebApplication.aliases" is not defined.' in C:\xampp\htdocs\sevas.lo\framework\base\CComponent.php:130
Stack trace:
#0 C:\xampp\htdocs\sevas.lo\framework\base\CModule.php(105): CComponent->__get('aliases')
#1 C:\xampp\htdocs\sevas.lo\kriminal\controllers\SiteController.php(30): CModule->__get('aliases')
#2 C:\xampp\htdocs\sevas.lo\framework\web\actions\CInlineAction.php(49): SiteController->actionIndex()
#3 C:\xampp\htdocs\sevas.lo\framework\web\CController.php(308): CInlineAction->runWithParams(Array)
#4 C:\xampp\htdocs\sevas.lo\framework\web\CController.php(286): CController->runAction(Object(CInlineAction))
#5 C:\xampp\htdocs\sevas.lo\framework\web\CController.php(265): CController->runActionWithFilters(Object(CInlineAction), Array)
#6 C:\xampp\htdocs\sevas.lo\framework\web\CWebApplication.php(282): CController->run('index')
#7 C:\xampp\htdocs\sevas.lo\framework\web\CWebApplication.php(141): CWebApplication->runController('site/index')
#8 C:\xampp\htdocs\sevas.lo\framework\base\CApplication.php(180): CWebApplication->processRequest()
#9 C:\xampp\htdocs\sevas.lo\kriminal\www\index.php(13): CApplication->run()
#10 {main}
REQUEST_URI=/index.php?r=site/index
HTTP_REFERER=http://kriminal.sevas.ua/index.php?r=site/page&view=about
---
2013/09/10 13:40:34 [error] [exception.CException] exception 'CException' with message 'Property "CWebApplication.aliases" is not defined.' in C:\xampp\htdocs\sevas.lo\framework\base\CComponent.php:130
Stack trace:
#0 C:\xampp\htdocs\sevas.lo\framework\base\CModule.php(105): CComponent->__get('aliases')
#1 C:\xampp\htdocs\sevas.lo\kriminal\controllers\SiteController.php(30): CModule->__get('aliases')
#2 C:\xampp\htdocs\sevas.lo\framework\web\actions\CInlineAction.php(49): SiteController->actionIndex()
#3 C:\xampp\htdocs\sevas.lo\framework\web\CController.php(308): CInlineAction->runWithParams(Array)
#4 C:\xampp\htdocs\sevas.lo\framework\web\CController.php(286): CController->runAction(Object(CInlineAction))
#5 C:\xampp\htdocs\sevas.lo\framework\web\CController.php(265): CController->runActionWithFilters(Object(CInlineAction), Array)
#6 C:\xampp\htdocs\sevas.lo\framework\web\CWebApplication.php(282): CController->run('index')
#7 C:\xampp\htdocs\sevas.lo\framework\web\CWebApplication.php(141): CWebApplication->runController('site/index')
#8 C:\xampp\htdocs\sevas.lo\framework\base\CApplication.php(180): CWebApplication->processRequest()
#9 C:\xampp\htdocs\sevas.lo\kriminal\www\index.php(13): CApplication->run()
#10 {main}
REQUEST_URI=/index.php?r=site/index
HTTP_REFERER=http://kriminal.sevas.ua/index.php?r=site/page&view=about
---
2013/09/10 14:25:34 [error] [exception.CException] exception 'CException' with message 'CWebApplication and its behaviors do not have a method or closure named "getViewsPath".' in C:\xampp\htdocs\sevas.lo\framework\base\CComponent.php:266
Stack trace:
#0 C:\xampp\htdocs\sevas.lo\kriminal\views\layouts\column1.php(2): CComponent->__call('getViewsPath', Array)
#1 C:\xampp\htdocs\sevas.lo\kriminal\views\layouts\column1.php(2): CWebApplication->getViewsPath()
#2 C:\xampp\htdocs\sevas.lo\framework\web\CBaseController.php(126): require('C:\xampp\htdocs...')
#3 C:\xampp\htdocs\sevas.lo\framework\web\CBaseController.php(95): CBaseController->renderInternal('C:\xampp\htdocs...', Array, true)
#4 C:\xampp\htdocs\sevas.lo\framework\web\CController.php(784): CBaseController->renderFile('C:\xampp\htdocs...', Array, true)
#5 C:\xampp\htdocs\sevas.lo\kriminal\controllers\SiteController.php(32): CController->render('index')
#6 C:\xampp\htdocs\sevas.lo\framework\web\actions\CInlineAction.php(49): SiteController->actionIndex()
#7 C:\xampp\htdocs\sevas.lo\framework\web\CController.php(308): CInlineAction->runWithParams(Array)
#8 C:\xampp\htdocs\sevas.lo\framework\web\CController.php(286): CController->runAction(Object(CInlineAction))
#9 C:\xampp\htdocs\sevas.lo\framework\web\CController.php(265): CController->runActionWithFilters(Object(CInlineAction), Array)
#10 C:\xampp\htdocs\sevas.lo\framework\web\CWebApplication.php(282): CController->run('index')
#11 C:\xampp\htdocs\sevas.lo\framework\web\CWebApplication.php(141): CWebApplication->runController('site/index')
#12 C:\xampp\htdocs\sevas.lo\framework\base\CApplication.php(180): CWebApplication->processRequest()
#13 C:\xampp\htdocs\sevas.lo\kriminal\www\index.php(13): CApplication->run()
#14 {main}
REQUEST_URI=/index.php?r=site/index
HTTP_REFERER=http://kriminal.sevas.ua/index.php?r=site/page&view=about
---
2013/09/10 14:25:34 [error] [exception.CException] exception 'CException' with message 'CWebApplication and its behaviors do not have a method or closure named "getViewsPath".' in C:\xampp\htdocs\sevas.lo\framework\base\CComponent.php:266
Stack trace:
#0 C:\xampp\htdocs\sevas.lo\kriminal\views\layouts\column1.php(2): CComponent->__call('getViewsPath', Array)
#1 C:\xampp\htdocs\sevas.lo\kriminal\views\layouts\column1.php(2): CWebApplication->getViewsPath()
#2 C:\xampp\htdocs\sevas.lo\framework\web\CBaseController.php(126): require('C:\xampp\htdocs...')
#3 C:\xampp\htdocs\sevas.lo\framework\web\CBaseController.php(95): CBaseController->renderInternal('C:\xampp\htdocs...', Array, true)
#4 C:\xampp\htdocs\sevas.lo\framework\web\CController.php(784): CBaseController->renderFile('C:\xampp\htdocs...', Array, true)
#5 C:\xampp\htdocs\sevas.lo\kriminal\controllers\SiteController.php(32): CController->render('index')
#6 C:\xampp\htdocs\sevas.lo\framework\web\actions\CInlineAction.php(49): SiteController->actionIndex()
#7 C:\xampp\htdocs\sevas.lo\framework\web\CController.php(308): CInlineAction->runWithParams(Array)
#8 C:\xampp\htdocs\sevas.lo\framework\web\CController.php(286): CController->runAction(Object(CInlineAction))
#9 C:\xampp\htdocs\sevas.lo\framework\web\CController.php(265): CController->runActionWithFilters(Object(CInlineAction), Array)
#10 C:\xampp\htdocs\sevas.lo\framework\web\CWebApplication.php(282): CController->run('index')
#11 C:\xampp\htdocs\sevas.lo\framework\web\CWebApplication.php(141): CWebApplication->runController('site/index')
#12 C:\xampp\htdocs\sevas.lo\framework\base\CApplication.php(180): CWebApplication->processRequest()
#13 C:\xampp\htdocs\sevas.lo\kriminal\www\index.php(13): CApplication->run()
#14 {main}
REQUEST_URI=/index.php?r=site/index
HTTP_REFERER=http://kriminal.sevas.ua/index.php?r=site/page&view=about
---
